<?xml version="1.0" encoding="UTF-8"?>
<testsuite xmlns:xsi="http://www.w3.org/2001/XMLSchema-instance" xsi:noNamespaceSchemaLocation="https://maven.apache.org/surefire/maven-surefire-plugin/xsd/surefire-test-report-3.0.xsd" version="3.0" name="Service.elasticsearchContainer.createIndexAPITests" time="2.329" tests="3" errors="0" skipped="0" failures="0">
  <properties>
[...]
</properties>
  <testcase name="getSettingsTest" classname="Service.elasticsearchContainer.createIndexAPITests" time="1.039"/>
  <testcase name="getIndexTest" classname="Service.elasticsearchContainer.createIndexAPITests" time="0.006"/>
  <testcase name="getAliasTest" classname="Service.elasticsearchContainer.createIndexAPITests" time="0.008"/>
</testsuite>